     1                                  bits 32 ; assembling for the 32 bits architecture
     2                                  
     3                                  ; declare the EntryPoint (a label defining the very first instruction of the program)
     4                                  global start        
     5                                  
     6                                  ; declare external functions needed by our program
     7                                  extern exit               ; tell nasm that exit exists even if we won't be defining it
     8                                  import exit msvcrt.dll    ; exit is a function that ends the calling process. It is defined in msvcrt.dll
     9                                                            ; msvcrt.dll contains exit, printf and all the other important C-runtime specific functions
    10                                  extern suma
    11                                  extern printf
    12                                  import printf msvcrt.dll
    13                                  ; our data is declared here (the variables needed by our program)
    14                                  segment data use32 class=data
    15                                      ; ...
    16 00000000 05000000                a dd 5
    17 00000004 0A000000                b dd 10
    18 00000008 257500                  format  db "%u", 0
    19                                    
    20                                  ; our code starts here
    21                                  segment code use32 class=code
    22                                      start:
    23                                          ; ...
    24 00000000 8B1D[00000000]          mov ebx, dword [a]
    25 00000006 8B0D[04000000]          mov ecx, dword [b]
    26 0000000C E8(00000000)            call suma
    27 00000011 52                      push edx
    28 00000012 68[08000000]            push format
    29 00000017 FF15[00000000]          call [printf]
    30 0000001D 83C408                  add esp, 4*2
    31                                      
    32                                          ; exit(0)
    33 00000020 6A00                            push    dword 0      ; push the parameter for exit onto the stack
    34 00000022 FF15[00000000]                  call    [exit]       ; call exit to terminate the program
